This is pdfTeX, Version 3.141592653-2.6-1.40.25 (MiKTeX 24.1) (preloaded format=pdflatex 2024.11.14)  23 NOV 2024 21:29
entering extended mode
 restricted \write18 enabled.
 file:line:error style messages enabled.
 %&-line parsing enabled.
**"c:/Users/Leon/OneDrive - Univerza v Ljubljani/Namizje/racunalniski-praktikum/06-uvod-v-latex/urnik.tex"
(c:/Users/Leon/OneDrive - Univerza v Ljubljani/Namizje/racunalniski-praktikum/06-uvod-v-latex/urnik.tex
LaTeX2e <2023-11-01> patch level 1
L3 programming layer <2024-01-04>
(C:\Users\Leon\AppData\Local\Programs\MiKTeX2\tex/latex/base\article.cls
Document Class: article 2023/05/17 v1.4n Standard LaTeX document class
(C:\Users\Leon\AppData\Local\Programs\MiKTeX2\tex/latex/base\size10.clo
File: size10.clo 2023/05/17 v1.4n Standard LaTeX file (size option)
)
\c@part=\count187
\c@section=\count188
\c@subsection=\count189
\c@subsubsection=\count190
\c@paragraph=\count191
\c@subparagraph=\count192
\c@figure=\count193
\c@table=\count194
\abovecaptionskip=\skip48
\belowcaptionskip=\skip49
\bibindent=\dimen140
) (C:\Users\Leon\AppData\Local\Programs\MiKTeX2\tex/latex/base\inputenc.sty
Package: inputenc 2021/02/14 v1.3d Input encoding file
\inpenc@prehook=\toks17
\inpenc@posthook=\toks18
) (C:\Users\Leon\AppData\Local\Programs\MiKTeX2\tex/latex/base\fontenc.sty
Package: fontenc 2021/04/29 v2.0v Standard LaTeX package
) (C:\Users\Leon\AppData\Local\Programs\MiKTeX2\tex/generic/babel\babel.sty
Package: babel 2024/01/07 v24.1 The Babel package
\babel@savecnt=\count195
\U@D=\dimen141
\l@unhyphenated=\language79
 (C:\Users\Leon\AppData\Local\Programs\MiKTeX2\tex/generic/babel\txtbabel.def)
\bbl@readstream=\read2
\bbl@dirlevel=\count196

*************************************
* Local config file bblopts.cfg used
*
(C:\Users\Leon\AppData\Local\Programs\MiKTeX2\tex/latex/arabi\bblopts.cfg
File: bblopts.cfg 2005/09/08 v0.1 add Arabic and Farsi to "declared" options of babel
) (C:\Users\Leon\AppData\Local\Programs\MiKTeX2\tex/latex/babel-slovenian\slovene.ldf
Language: slovene 2021/02/06 v1.2n Slovene support from the babel system
Package babel Info: Making " an active character on input line 79.
)) (C:\Users\Leon\AppData\Local\Programs\MiKTeX2\tex/generic/babel/locale/sl\babel-slovene.tex
Package babel Info: Importing font and identification data for slovene
(babel)             from babel-sl.ini. Reported on input line 11.
) (C:\Users\Leon\AppData\Local\Programs\MiKTeX2\tex/latex/lm\lmodern.sty
Package: lmodern 2015/05/01 v1.6.1 Latin Modern Fonts
LaTeX Font Info:    Overwriting symbol font `operators' in version `normal'
(Font)                  OT1/cmr/m/n --> OT1/lmr/m/n on input line 22.
LaTeX Font Info:    Overwriting symbol font `letters' in version `normal'
(Font)                  OML/cmm/m/it --> OML/lmm/m/it on input line 23.
LaTeX Font Info:    Overwriting symbol font `symbols' in version `normal'
(Font)                  OMS/cmsy/m/n --> OMS/lmsy/m/n on input line 24.
LaTeX Font Info:    Overwriting symbol font `largesymbols' in version `normal'
(Font)                  OMX/cmex/m/n --> OMX/lmex/m/n on input line 25.
LaTeX Font Info:    Overwriting symbol font `operators' in version `bold'
(Font)                  OT1/cmr/bx/n --> OT1/lmr/bx/n on input line 26.
LaTeX Font Info:    Overwriting symbol font `letters' in version `bold'
(Font)                  OML/cmm/b/it --> OML/lmm/b/it on input line 27.
LaTeX Font Info:    Overwriting symbol font `symbols' in version `bold'
(Font)                  OMS/cmsy/b/n --> OMS/lmsy/b/n on input line 28.
LaTeX Font Info:    Overwriting symbol font `largesymbols' in version `bold'
(Font)                  OMX/cmex/m/n --> OMX/lmex/m/n on input line 29.
LaTeX Font Info:    Overwriting math alphabet `\mathbf' in version `normal'
(Font)                  OT1/cmr/bx/n --> OT1/lmr/bx/n on input line 31.
LaTeX Font Info:    Overwriting math alphabet `\mathsf' in version `normal'
(Font)                  OT1/cmss/m/n --> OT1/lmss/m/n on input line 32.
LaTeX Font Info:    Overwriting math alphabet `\mathit' in version `normal'
(Font)                  OT1/cmr/m/it --> OT1/lmr/m/it on input line 33.
LaTeX Font Info:    Overwriting math alphabet `\mathtt' in version `normal'
(Font)                  OT1/cmtt/m/n --> OT1/lmtt/m/n on input line 34.
LaTeX Font Info:    Overwriting math alphabet `\mathbf' in version `bold'
(Font)                  OT1/cmr/bx/n --> OT1/lmr/bx/n on input line 35.
LaTeX Font Info:    Overwriting math alphabet `\mathsf' in version `bold'
(Font)                  OT1/cmss/bx/n --> OT1/lmss/bx/n on input line 36.
LaTeX Font Info:    Overwriting math alphabet `\mathit' in version `bold'
(Font)                  OT1/cmr/bx/it --> OT1/lmr/bx/it on input line 37.
LaTeX Font Info:    Overwriting math alphabet `\mathtt' in version `bold'
(Font)                  OT1/cmtt/m/n --> OT1/lmtt/m/n on input line 38.
)
LaTeX Font Info:    Trying to load font information for T1+lmr on input line 15.
 (C:\Users\Leon\AppData\Local\Programs\MiKTeX2\tex/latex/lm\t1lmr.fd
File: t1lmr.fd 2015/05/01 v1.6.1 Font defs for Latin Modern
) (C:\Users\Leon\AppData\Local\Programs\MiKTeX2\tex/latex/l3backend\l3backend-pdftex.def
File: l3backend-pdftex.def 2024-01-04 L3 backend support: PDF output (pdfTeX)
\l__color_backend_stack_int=\count197
\l__pdf_internal_box=\box51
) (urnik.aux)
\openout1 = `urnik.aux'.

LaTeX Font Info:    Checking defaults for OML/cmm/m/it on input line 15.
LaTeX Font Info:    ... okay on input line 15.
LaTeX Font Info:    Checking defaults for OMS/cmsy/m/n on input line 15.
LaTeX Font Info:    ... okay on input line 15.
LaTeX Font Info:    Checking defaults for OT1/cmr/m/n on input line 15.
LaTeX Font Info:    ... okay on input line 15.
LaTeX Font Info:    Checking defaults for T1/cmr/m/n on input line 15.
LaTeX Font Info:    ... okay on input line 15.
LaTeX Font Info:    Checking defaults for TS1/cmr/m/n on input line 15.
LaTeX Font Info:    ... okay on input line 15.
LaTeX Font Info:    Checking defaults for OMX/cmex/m/n on input line 15.
LaTeX Font Info:    ... okay on input line 15.
LaTeX Font Info:    Checking defaults for U/cmr/m/n on input line 15.
LaTeX Font Info:    ... okay on input line 15.
LaTeX Font Info:    Trying to load font information for OT1+lmr on input line 24.
 (C:\Users\Leon\AppData\Local\Programs\MiKTeX2\tex/latex/lm\ot1lmr.fd
File: ot1lmr.fd 2015/05/01 v1.6.1 Font defs for Latin Modern
)
LaTeX Font Info:    Trying to load font information for OML+lmm on input line 24.
 (C:\Users\Leon\AppData\Local\Programs\MiKTeX2\tex/latex/lm\omllmm.fd
File: omllmm.fd 2015/05/01 v1.6.1 Font defs for Latin Modern
)
LaTeX Font Info:    Trying to load font information for OMS+lmsy on input line 24.
 (C:\Users\Leon\AppData\Local\Programs\MiKTeX2\tex/latex/lm\omslmsy.fd
File: omslmsy.fd 2015/05/01 v1.6.1 Font defs for Latin Modern
)
LaTeX Font Info:    Trying to load font information for OMX+lmex on input line 24.
 (C:\Users\Leon\AppData\Local\Programs\MiKTeX2\tex/latex/lm\omxlmex.fd
File: omxlmex.fd 2015/05/01 v1.6.1 Font defs for Latin Modern
)
LaTeX Font Info:    External font `lmex10' loaded for size
(Font)              <12> on input line 24.
LaTeX Font Info:    External font `lmex10' loaded for size
(Font)              <8> on input line 24.
LaTeX Font Info:    External font `lmex10' loaded for size
(Font)              <6> on input line 24.
 [1

{C:/Users/Leon/AppData/Local/MiKTeX/fonts/map/pdftex/pdftex.map}{C:/Users/Leon/AppData/Local/Programs/MiKTeX2/fonts/enc/dvips/lm/lm-ec.enc}]
LaTeX Font Info:    Trying to load font information for T1+lmtt on input line 78.
 (C:\Users\Leon\AppData\Local\Programs\MiKTeX2\tex/latex/lm\t1lmtt.fd
File: t1lmtt.fd 2015/05/01 v1.6.1 Font defs for Latin Modern
)
LaTeX Font Info:    Trying to load font information for TS1+lmr on input line 112.
 (C:\Users\Leon\AppData\Local\Programs\MiKTeX2\tex/latex/lm\ts1lmr.fd
File: ts1lmr.fd 2015/05/01 v1.6.1 Font defs for Latin Modern
) [2{C:/Users/Leon/AppData/Local/Programs/MiKTeX2/fonts/enc/dvips/lm/lm-ts1.enc}] [3]
LaTeX Font Info:    External font `lmex10' loaded for size
(Font)              <10> on input line 250.
LaTeX Font Info:    External font `lmex10' loaded for size
(Font)              <7> on input line 250.
LaTeX Font Info:    External font `lmex10' loaded for size
(Font)              <5> on input line 250.
 [4] [5{C:/Users/Leon/AppData/Local/Programs/MiKTeX2/fonts/enc/dvips/lm/lm-mathit.enc}{C:/Users/Leon/AppData/Local/Programs/MiKTeX2/fonts/enc/dvips/lm/lm-rm.enc}{C:/Users/Leon/AppData/Local/Programs/MiKTeX2/fonts/enc/dvips/lm/lm-mathsy.enc}]
Overfull \hbox (9.10182pt too wide) in paragraph at lines 338--341
[]\T1/lmr/m/n/10 Za vse pro-ste ter-mine $\OML/lmm/m/it/10 predavalnice[]$ \T1/lmr/m/n/10 iz-ra-£u-namo ceno vsta-vlja-nja $\OML/lmm/m/it/10 predmeta[]$\T1/lmr/m/n/10 ,
 []


LaTeX Warning: Command \v invalid in math mode on input line 347.

[6] [7]

LaTeX Warning: Command \v invalid in math mode on input line 468.


LaTeX Warning: Command \v invalid in math mode on input line 468.

[8] [9] (urnik.aux)
 ***********
LaTeX2e <2023-11-01> patch level 1
L3 programming layer <2024-01-04>
 ***********
 ) 
Here is how much of TeX's memory you used:
 2043 strings out of 474486
 37461 string characters out of 5743757
 1934542 words of memory out of 5000000
 24321 multiletter control sequences out of 15000+600000
 619837 words of font info for 70 fonts, out of 8000000 for 9000
 1141 hyphenation exceptions out of 8191
 41i,6n,52p,333b,227s stack positions out of 10000i,1000n,20000p,200000b,200000s
<C:/Users/Leon/AppData/Local/Programs/MiKTeX2/fonts/type1/public/lm/lmbx10.pfb><C:/Users/Leon/AppData/Local/Programs/MiKTeX2/fonts/type1/public/lm/lmbx12.pfb><C:/Users/Leon/AppData/Local/Programs/MiKTeX2/fonts/type1/public/lm/lmbx9.pfb><C:/Users/Leon/AppData/Local/Programs/MiKTeX2/fonts/type1/public/lm/lmmi10.pfb><C:/Users/Leon/AppData/Local/Programs/MiKTeX2/fonts/type1/public/lm/lmmi7.pfb><C:/Users/Leon/AppData/Local/Programs/MiKTeX2/fonts/type1/public/lm/lmr10.pfb><C:/Users/Leon/AppData/Local/Programs/MiKTeX2/fonts/type1/public/lm/lmr12.pfb><C:/Users/Leon/AppData/Local/Programs/MiKTeX2/fonts/type1/public/lm/lmr17.pfb><C:/Users/Leon/AppData/Local/Programs/MiKTeX2/fonts/type1/public/lm/lmr7.pfb><C:/Users/Leon/AppData/Local/Programs/MiKTeX2/fonts/type1/public/lm/lmr9.pfb><C:/Users/Leon/AppData/Local/Programs/MiKTeX2/fonts/type1/public/lm/lmri10.pfb><C:/Users/Leon/AppData/Local/Programs/MiKTeX2/fonts/type1/public/lm/lmri7.pfb><C:/Users/Leon/AppData/Local/Programs/MiKTeX2/fonts/type1/public/lm/lmsy10.pfb><C:/Users/Leon/AppData/Local/Programs/MiKTeX2/fonts/type1/public/lm/lmtt10.pfb>
Output written on urnik.pdf (9 pages, 315239 bytes).
PDF statistics:
 116 PDF objects out of 1000 (max. 8388607)
 0 named destinations out of 1000 (max. 500000)
 1 words of extra memory for PDF output out of 10000 (max. 10000000)

